app/build/intermediates/manifest_merge_blame_file/debug/manifest-merger-blame-debug-report.txt
1<?xml version="1.0" encoding="utf-8"?>
2<manifest xmlns:android="http://schemas.android.com/apk/res/android"
3    package="com.demo.ingredisearch"
4    android:versionCode="1"
5    android:versionName="1.0" >
6
7    <uses-sdk
8        android:minSdkVersion="24"
8-->src\main\AndroidManifest.xml
9        android:targetSdkVersion="28" />
9-->src\main\AndroidManifest.xml
10
11    <uses-permission android:name="android.permission.INTERNET" />
11-->src\main\AndroidManifest.xml:5:5-66
11-->src\main\AndroidManifest.xml:5:22-64
12    <uses-permission android:name="android.permission.REORDER_TASKS" />
12-->[androidx.fragment:fragment-testing:1.3.0-alpha06] AndroidManifest.xml:25:5-72
12-->[androidx.fragment:fragment-testing:1.3.0-alpha06] AndroidManifest.xml:25:22-69
13
14    <application
14-->src\main\AndroidManifest.xml:7:5-26:19
15        android:name="com.demo.ingredisearch.RecipeApplication"
15-->src\main\AndroidManifest.xml:8:9-42
16        android:allowBackup="true"
16-->src\main\AndroidManifest.xml:9:9-35
17        android:appComponentFactory="androidx.core.app.CoreComponentFactory"
17-->[androidx.core:core:1.3.0-rc01] AndroidManifest.xml:24:18-86
18        android:debuggable="true"
19        android:extractNativeLibs="false"
20        android:icon="@mipmap/ic_launcher"
20-->src\main\AndroidManifest.xml:10:9-43
21        android:label="@string/app_name"
21-->src\main\AndroidManifest.xml:11:9-41
22        android:roundIcon="@mipmap/ic_launcher_round"
22-->src\main\AndroidManifest.xml:12:9-54
23        android:supportsRtl="true"
23-->src\main\AndroidManifest.xml:13:9-35
24        android:testOnly="true"
25        android:theme="@style/AppTheme"
25-->src\main\AndroidManifest.xml:14:9-40
26        android:usesCleartextTraffic="true" >
26-->src\main\AndroidManifest.xml:15:9-44
27        <activity
27-->src\main\AndroidManifest.xml:16:9-24:20
28            android:name="com.demo.ingredisearch.ui.MainActivity"
28-->src\main\AndroidManifest.xml:17:13-44
29            android:label="@string/main_title" >
29-->src\main\AndroidManifest.xml:18:13-47
30            <intent-filter>
30-->src\main\AndroidManifest.xml:19:13-23:29
31                <action android:name="android.intent.action.MAIN" />
31-->src\main\AndroidManifest.xml:20:17-68
31-->src\main\AndroidManifest.xml:20:25-66
32
33                <category android:name="android.intent.category.LAUNCHER" />
33-->src\main\AndroidManifest.xml:22:17-76
33-->src\main\AndroidManifest.xml:22:27-74
34            </intent-filter>
35        </activity>
36        <activity
36-->[androidx.fragment:fragment-testing:1.3.0-alpha06] AndroidManifest.xml:28:9-37:20
37            android:name="androidx.fragment.app.testing.FragmentScenario$EmptyFragmentActivity"
37-->[androidx.fragment:fragment-testing:1.3.0-alpha06] AndroidManifest.xml:29:13-96
38            android:exported="true"
38-->[androidx.fragment:fragment-testing:1.3.0-alpha06] AndroidManifest.xml:30:13-36
39            android:multiprocess="true"
39-->[androidx.fragment:fragment-testing:1.3.0-alpha06] AndroidManifest.xml:31:13-40
40            android:taskAffinity=""
40-->[androidx.fragment:fragment-testing:1.3.0-alpha06] AndroidManifest.xml:32:13-36
41            android:theme="@style/FragmentScenarioEmptyFragmentActivityTheme" >
41-->[androidx.fragment:fragment-testing:1.3.0-alpha06] AndroidManifest.xml:33:13-78
42            <intent-filter>
42-->[androidx.fragment:fragment-testing:1.3.0-alpha06] AndroidManifest.xml:34:13-36:29
43                <action android:name="android.intent.action.MAIN" />
43-->src\main\AndroidManifest.xml:20:17-68
43-->src\main\AndroidManifest.xml:20:25-66
44            </intent-filter>
45        </activity>
46        <activity
46-->[androidx.test:core:1.2.0] AndroidManifest.xml:27:9-33:20
47            android:name="androidx.test.core.app.InstrumentationActivityInvoker$BootstrapActivity"
47-->[androidx.test:core:1.2.0] AndroidManifest.xml:28:13-99
48            android:theme="@android:style/Theme" >
48-->[androidx.test:core:1.2.0] AndroidManifest.xml:29:13-49
49            <intent-filter>
49-->[androidx.fragment:fragment-testing:1.3.0-alpha06] AndroidManifest.xml:34:13-36:29
50                <action android:name="android.intent.action.MAIN" />
50-->src\main\AndroidManifest.xml:20:17-68
50-->src\main\AndroidManifest.xml:20:25-66
51            </intent-filter>
52        </activity>
53        <activity
53-->[androidx.test:core:1.2.0] AndroidManifest.xml:34:9-40:20
54            android:name="androidx.test.core.app.InstrumentationActivityInvoker$EmptyActivity"
54-->[androidx.test:core:1.2.0] AndroidManifest.xml:35:13-95
55            android:theme="@android:style/Theme" >
55-->[androidx.test:core:1.2.0] AndroidManifest.xml:36:13-49
56            <intent-filter>
56-->[androidx.fragment:fragment-testing:1.3.0-alpha06] AndroidManifest.xml:34:13-36:29
57                <action android:name="android.intent.action.MAIN" />
57-->src\main\AndroidManifest.xml:20:17-68
57-->src\main\AndroidManifest.xml:20:25-66
58            </intent-filter>
59        </activity>
60        <activity
60-->[androidx.test:core:1.2.0] AndroidManifest.xml:41:9-47:20
61            android:name="androidx.test.core.app.InstrumentationActivityInvoker$EmptyFloatingActivity"
61-->[androidx.test:core:1.2.0] AndroidManifest.xml:42:13-103
62            android:theme="@android:style/Theme.Dialog" >
62-->[androidx.test:core:1.2.0] AndroidManifest.xml:43:13-56
63            <intent-filter>
63-->[androidx.fragment:fragment-testing:1.3.0-alpha06] AndroidManifest.xml:34:13-36:29
64                <action android:name="android.intent.action.MAIN" />
64-->src\main\AndroidManifest.xml:20:17-68
64-->src\main\AndroidManifest.xml:20:25-66
65            </intent-filter>
66        </activity>
67
68        <provider
68-->[androidx.lifecycle:lifecycle-process:2.2.0] AndroidManifest.xml:25:9-29:43
69            android:name="androidx.lifecycle.ProcessLifecycleOwnerInitializer"
69-->[androidx.lifecycle:lifecycle-process:2.2.0] AndroidManifest.xml:26:13-79
70            android:authorities="com.demo.ingredisearch.lifecycle-process"
70-->[androidx.lifecycle:lifecycle-process:2.2.0] AndroidManifest.xml:27:13-69
71            android:exported="false"
71-->[androidx.lifecycle:lifecycle-process:2.2.0] AndroidManifest.xml:28:13-37
72            android:multiprocess="true" />
72-->[androidx.lifecycle:lifecycle-process:2.2.0] AndroidManifest.xml:29:13-40
73    </application>
74
75</manifest>